<?xml version="1.0" encoding="UTF-8"?>
<testng-results skipped="0" failed="0" ignored="0" total="1" passed="1">
  <reporter-output>
  </reporter-output>
  <suite name="Default suite" duration-ms="4495" started-at="2020-09-18T03:13:15Z" finished-at="2020-09-18T03:13:19Z">
    <groups>
    </groups>
    <test name="Default test" duration-ms="4495" started-at="2020-09-18T03:13:15Z" finished-at="2020-09-18T03:13:19Z">
      <class name="com.testcases.AustraliaAPI">
        <test-method status="PASS" signature="calculateDeliveryCost()[pri:0, instance:com.testcases.AustraliaAPI@8bd1b6a]" name="calculateDeliveryCost" duration-ms="4472" started-at="2020-09-18T03:13:15Z" finished-at="2020-09-18T03:13:19Z">
          <reporter-output>
          </reporter-output>
        </test-method> <!-- calculateDeliveryCost -->
      </class> <!-- com.testcases.AustraliaAPI -->
    </test> <!-- Default test -->
  </suite> <!-- Default suite -->
</testng-results>
